

Version:	3.9
CmdLine:	C:\Users\Com\Documents\NetBeansProjects\MD5Generator\dist\bsit4-1group5.exe --l4j-debug
WOW64:		yes
64-bit search:	SOFTWARE\JavaSoft\Java Runtime Environment...
Check:		SOFTWARE\JavaSoft\Java Runtime Environment\1.8
Check launcher:	C:\Program Files\Java\jre1.8.0_20\bin\javaw.exe (OK)
Match:		1.8
Check:		SOFTWARE\JavaSoft\Java Runtime Environment\1.8.0_20
Check launcher:	C:\Program Files\Java\jre1.8.0_20\bin\javaw.exe (OK)
Match:		1.8.0_020
64-bit search:	SOFTWARE\JavaSoft\Java Development Kit...
Check:		SOFTWARE\JavaSoft\Java Development Kit\1.8
Ignore:		1.8
Check:		SOFTWARE\JavaSoft\Java Development Kit\1.8.0_05
Ignore:		1.8.0_005
Runtime used:	1.8.0_020 (64-bit)
Launcher:	C:\Program Files\Java\jre1.8.0_20\bin\javaw.exe
Launcher args:	-jar "C:\Users\Com\Documents\NetBeansProjects\MD5Generator\dist\bsit4-1group5.exe"
Args length:	82/32768 chars
Exit code:	0


Version:	3.9
CmdLine:	C:\Users\Com\Documents\NetBeansProjects\MD5Generator\dist\bsit4-1group5.exe --l4j-debug
WOW64:		yes
64-bit search:	SOFTWARE\JavaSoft\Java Runtime Environment...
Check:		SOFTWARE\JavaSoft\Java Runtime Environment\1.8
Check launcher:	C:\Program Files\Java\jre1.8.0_20\bin\javaw.exe (OK)
Match:		1.8
Check:		SOFTWARE\JavaSoft\Java Runtime Environment\1.8.0_20
Check launcher:	C:\Program Files\Java\jre1.8.0_20\bin\javaw.exe (OK)
Match:		1.8.0_020
64-bit search:	SOFTWARE\JavaSoft\Java Development Kit...
Check:		SOFTWARE\JavaSoft\Java Development Kit\1.8
Ignore:		1.8
Check:		SOFTWARE\JavaSoft\Java Development Kit\1.8.0_05
Ignore:		1.8.0_005
Runtime used:	1.8.0_020 (64-bit)
Launcher:	C:\Program Files\Java\jre1.8.0_20\bin\javaw.exe
Launcher args:	-jar "C:\Users\Com\Documents\NetBeansProjects\MD5Generator\dist\bsit4-1group5.exe"
Args length:	82/32768 chars
Exit code:	0


Version:	3.9
CmdLine:	C:\Users\Com\Documents\NetBeansProjects\MD5Generator\dist\bsit4-1group5.exe --l4j-debug
WOW64:		yes
Working dir:	C:\Users\Com\Documents\NetBeansProjects\MD5Generator\dist\.
64-bit search:	SOFTWARE\JavaSoft\Java Runtime Environment...
Check:		SOFTWARE\JavaSoft\Java Runtime Environment\1.8
Check launcher:	C:\Program Files\Java\jre1.8.0_20\bin\javaw.exe (OK)
Match:		1.8
Check:		SOFTWARE\JavaSoft\Java Runtime Environment\1.8.0_20
Check launcher:	C:\Program Files\Java\jre1.8.0_20\bin\javaw.exe (OK)
Match:		1.8.0_020
64-bit search:	SOFTWARE\JavaSoft\Java Development Kit...
Check:		SOFTWARE\JavaSoft\Java Development Kit\1.8
Ignore:		1.8
Check:		SOFTWARE\JavaSoft\Java Development Kit\1.8.0_05
Ignore:		1.8.0_005
Runtime used:	1.8.0_020 (64-bit)
Launcher:	C:\Program Files\Java\jre1.8.0_20\bin\javaw.exe
Launcher args:	-jar "C:\Users\Com\Documents\NetBeansProjects\MD5Generator\dist\bsit4-1group5.exe"
Args length:	82/32768 chars
Exit code:	0
